"../../../Engine/Content/Animation/DefaultAnimCurveCompressionSettings.uasset" 0
"../../../Engine/Content/ArtTools/RenderToTexture/Enums/RenderToTexture_Enum.uasset" 1
"../../../Engine/Content/ArtTools/RenderToTexture/Enums/RenderToTexture_Flipbook_Enum.uasset" 2
"../../../Engine/Content/ArtTools/RenderToTexture/Enums/RenderToTexture_Imposter_Enum.uasset" 3
"../../../Engine/Content/EditorBlueprintResources/StandardMacros.uasset" 4
"../../../Engine/Content/ArtTools/RenderToTexture/Enums/EIntTypes.uasset" 5
"../../../Engine/Content/ArtTools/RenderToTexture/Macros/RenderToTextureFunctionLibrary.uasset" 6
"../../../Engine/Content/ArtTools/RenderToTexture/Enums/EFloatTypes.uasset" 7
"../../../Engine/Content/ArtTools/RenderToTexture/Macros/RenderToTextureMacros.uasset" 8
"../../../Engine/Content/Functions/Engine_MaterialFunctions01/Opacity/CameraDepthFade.uasset" 9
"../../../Engine/Content/EngineMaterials/T_Default_Material_Grid_M.uasset" 10
"../../../Engine/Content/EngineMaterials/T_Default_Material_Grid_N.uasset" 11
"../../../Engine/Content/EngineMaterials/WorldGridMaterial.uasset" 12
"../../../Engine/Content/ArtTools/RenderToTexture/Meshes/S_1_Unit_Plane.uasset" 13
"../../../Engine/Content/EngineMaterials/DefaultMaterial.uasset" 14
"../../../Engine/Content/BasicShapes/Cone.uasset" 15
"../../../Engine/Content/EngineMaterials/DefaultPhysicalMaterial.uasset" 16
"../../../Engine/Content/BufferVisualization/AmbientOcclusion.uasset" 17
"../../../Engine/Content/BufferVisualization/BaseColor.uasset" 18
"../../../Engine/Content/BufferVisualization/CustomDepth.uasset" 19
"../../../Engine/Content/Functions/Engine_MaterialFunctions02/Utility/VectorLength.uasset" 20
"../../../Engine/Content/BufferVisualization/CustomDepthWorldUnits.uasset" 21
"../../../Engine/Content/Functions/Engine_MaterialFunctions02/Utility/BreakOutFloat2Components.uasset" 22
"../../../Engine/Content/Functions/Engine_MaterialFunctions01/Texturing/ScaleUVsByCenter.uasset" 23
"../../../Engine/Content/Functions/Engine_MaterialFunctions02/ScreenResolution.uasset" 24
"../../../Engine/Content/Functions/Engine_MaterialFunctions02/Texturing/ScreenAlignedUVs.uasset" 25
"../../../Engine/Content/Functions/Engine_MaterialFunctions02/Utility/MakeFloat2.uasset" 26
"../../../Engine/Content/Functions/Engine_MaterialFunctions02/Utility/MakeFloat3.uasset" 27
"../../../Engine/Content/EngineMaterials/MiniFont.uasset" 28
"../../../Engine/Content/BufferVisualization/CustomStencil.uasset" 29
"../../../Engine/Content/BufferVisualization/FinalImage.uasset" 30
"../../../Engine/Content/BufferVisualization/LightingModel.uasset" 31
"../../../Engine/Content/BufferVisualization/MaterialAO.uasset" 32
"../../../Engine/Content/BufferVisualization/Metallic.uasset" 33
"../../../Engine/Content/BufferVisualization/Opacity.uasset" 34
"../../../Engine/Content/BufferVisualization/PostTonemapHDRColor.uasset" 35
"../../../Engine/Content/BufferVisualization/PreTonemapHDRColor.uasset" 36
"../../../Engine/Content/BufferVisualization/Roughness.uasset" 37
"../../../Engine/Content/BufferVisualization/SceneColor.uasset" 38
"../../../Engine/Content/BufferVisualization/SceneDepth.uasset" 39
"../../../Engine/Content/BufferVisualization/SceneDepthWorldUnits.uasset" 40
"../../../Engine/Content/BufferVisualization/SeparateTranslucencyA.uasset" 41
"../../../Engine/Content/BufferVisualization/SeparateTranslucencyRGB.uasset" 42
"../../../Engine/Content/BufferVisualization/Specular.uasset" 43
"../../../Engine/Content/BufferVisualization/SubsurfaceColor.uasset" 44
"../../../Engine/Content/BufferVisualization/Velocity.uasset" 45
"../../../Engine/Content/BufferVisualization/WorldNormal.uasset" 46
"../../../Engine/Content/EditorBlueprintResources/ActorMacros.uasset" 47
"../../../Engine/Content/EditorLandscapeResources/DataLayer.uasset" 48
"../../../Engine/Content/EditorLandscapeResources/DefaultAlphaTexture.uasset" 49
"../../../Engine/Content/EditorLandscapeResources/LandscapeGizmoHeight_Mat.uasset" 50
"../../../Engine/Content/EditorLandscapeResources/LandscapeGizmo_Mat.uasset" 51
"../../../Engine/Content/EditorLandscapeResources/LandscapeGizmo_Mat_Copied.uasset" 52
"../../../Engine/Content/EditorLandscapeResources/SplineEditorMeshMat.uasset" 53
"../../../Engine/Content/EditorLandscapeResources/SplineEditorMesh.uasset" 54
"../../../Engine/Content/EditorMaterials/Cross.uasset" 55
"../../../Engine/Content/EditorMaterials/Cross_Mat.uasset" 56
"../../../Engine/Content/EngineMaterials/DefaultDiffuse.uasset" 57
"../../../Engine/Content/Functions/Engine_MaterialFunctions01/Texturing/TextureCropping.uasset" 58
"../../../Engine/Content/Functions/Engine_MaterialFunctions01/Texturing/ComputeMipLevel.uasset" 59
"../../../Engine/Content/Functions/Engine_MaterialFunctions02/ExampleContent/DebugNumberStrip.uasset" 60
"../../../Engine/Content/Functions/Engine_MaterialFunctions02/ExampleContent/Textures/DebugNumberPeriod.uasset" 61
"../../../Engine/Content/Functions/Engine_MaterialFunctions02/Utility/DebugScalarValues.uasset" 62
"../../../Engine/Content/Functions/Engine_MaterialFunctions02/Utility/DebugFloat2Values.uasset" 63
"../../../Engine/Content/Functions/Engine_MaterialFunctions02/ExampleContent/Textures/flipbook.uasset" 64
"../../../Engine/Content/Functions/Engine_MaterialFunctions02/Texturing/FlipBook.uasset" 65
"../../../Engine/Content/Functions/Engine_MaterialFunctions02/Utility/Sign.uasset" 66
"../../../Engine/Content/Functions/Engine_MaterialFunctions02/Utility/Round.uasset" 67
"../../../Engine/Content/EditorResources/T_EditorHelp.uasset" 68
"../../../Engine/Content/EditorMaterials/HelpActorMaterial.uasset" 69
"../../../Engine/Content/EditorMaterials/CompositeARGBLayer.uasset" 70
"../../../Engine/Content/EditorMaterials/TilingAALineIntegral.uasset" 71
"../../../Engine/Content/EditorMaterials/TilingAALineBoxFiltered.uasset" 72
"../../../Engine/Content/Functions/Engine_MaterialFunctions03/Procedurals/ComputeFilterWidth.uasset" 73
"../../../Engine/Content/EditorMaterials/TilingAADots.uasset" 74
"../../../Engine/Content/EngineMaterials/BlendFunc_DefBase.uasset" 75
"../../../Engine/Content/EngineMaterials/BlendFunc_DefBlend.uasset" 76
"../../../Engine/Content/Functions/Engine_MaterialFunctions03/Blends/Blend_Screen.uasset" 77
"../../../Engine/Content/EditorMaterials/TilingAAGrid.uasset" 78
"../../../Engine/Content/EditorMaterials/LevelGridMaterial.uasset" 79
"../../../Engine/Content/EditorMaterials/MakeCompositeARGBLayer.uasset" 80
"../../../Engine/Content/EditorResources/LevelGrid1DStripes.uasset" 81
"../../../Engine/Content/EditorMaterials/TextureGridCascaded1D.uasset" 82
"../../../Engine/Content/EditorMaterials/TextureGridCascaded2D.uasset" 83
"../../../Engine/Content/EditorMaterials/LevelGridMaterial2.uasset" 84
"../../../Engine/Content/EditorMaterials/MAT_Groups_Toggle.uasset" 85
"../../../Engine/Content/EditorMaterials/MAT_Groups_Visibility.uasset" 86
"../../../Engine/Content/EditorMaterials/PhAT_BoneSelectedMaterial.uasset" 87
"../../../Engine/Content/EditorMaterials/PhAT_ElemSelectedMaterial.uasset" 88
"../../../Engine/Content/EditorMaterials/PhAT_NoCollisionMaterial.uasset" 89
"../../../Engine/Content/EditorMaterials/PhAT_UnselectedMaterial.uasset" 90
"../../../Engine/Content/EditorMaterials/PreviewShadowIndicator.uasset" 91
"../../../Engine/Content/EditorMaterials/PreviewShadowIndicatorMaterial.uasset" 92
"../../../Engine/Content/EditorMaterials/TargetIcon.uasset" 93
"../../../Engine/Content/EditorMaterials/Tick.uasset" 94
"../../../Engine/Content/EditorMaterials/Tick_Mat.uasset" 95
"../../../Engine/Content/EditorMaterials/WidgetGridVertexColorMaterial.uasset" 96
"../../../Engine/Content/EditorMaterials/WidgetGridVertexColorMaterial_Ma.uasset" 97
"../../../Engine/Content/EditorMaterials/WidgetMaterial.uasset" 98
"../../../Engine/Content/EditorMaterials/WidgetMaterial_Current.uasset" 99
"../../../Engine/Content/EditorMaterials/WidgetMaterial_X.uasset" 100
"../../../Engine/Content/EditorMaterials/WidgetMaterial_Y.uasset" 101
"../../../Engine/Content/EditorMaterials/WidgetMaterial_Z.uasset" 102
"../../../Engine/Content/EditorMaterials/WidgetVertexColorMaterial.uasset" 103
"../../../Engine/Content/EditorMaterials/MatineeGroups/MAT_ColorTrack.uasset" 104
"../../../Engine/Content/EditorMaterials/MatineeGroups/MAT_Groups_Anim.uasset" 105
"../../../Engine/Content/EditorMaterials/MatineeGroups/MAT_Groups_AudioMaster.uasset" 106
"../../../Engine/Content/EditorMaterials/MatineeGroups/MAT_Groups_Director.uasset" 107
"../../../Engine/Content/EditorMaterials/MatineeGroups/MAT_Groups_Event.uasset" 108
"../../../Engine/Content/EditorMaterials/MatineeGroups/MAT_Groups_Fade.uasset" 109
"../../../Engine/Content/EditorMaterials/MatineeGroups/MAT_Groups_Float.uasset" 110
"../../../Engine/Content/EditorMaterials/MatineeGroups/MAT_Groups_Move.uasset" 111
"../../../Engine/Content/EditorMaterials/MatineeGroups/MAT_Groups_Slomo.uasset" 112
"../../../Engine/Content/EditorMaterials/MatineeGroups/MAT_Groups_Sound.uasset" 113
"../../../Engine/Content/EditorMaterials/MatineeGroups/MAT_Groups_Vector.uasset" 114
"../../../Engine/Content/EditorMaterials/ParticleSystems/PSysThumbnail_NoImage.uasset" 115
"../../../Engine/Content/EditorMaterials/ParticleSystems/PSysThumbnail_OOD.uasset" 116
"../../../Engine/Content/EngineMaterials/Grid.uasset" 117
"../../../Engine/Content/EditorMaterials/Thumbnails/FloorPlaneMaterial.uasset" 118
"../../../Engine/Content/EditorMeshes/EditorCube.uasset" 119
"../../../Engine/Content/EditorMeshes/EditorCylinder.uasset" 120
"../../../Engine/Content/EditorMeshes/EditorPlane.uasset" 121
"../../../Engine/Content/EditorMaterials/Thumbnails/SkySphereMaterial.uasset" 122
"../../../Engine/Content/EditorMeshes/EditorSkySphere.uasset" 123
"../../../Engine/Content/EditorMeshes/EditorSphere.uasset" 124
"../../../Engine/Content/EditorResources/MatineeCam_D.uasset" 125
"../../../Engine/Content/EditorMaterials/MatineeCam_mat.uasset" 126
"../../../Engine/Content/EditorMeshes/MatineeCam_SM.uasset" 127
"../../../Engine/Content/EditorMeshes/PlanarReflectionPlane.uasset" 128
"../../../Engine/Content/EditorMaterials/Camera/CineMat.uasset" 129
"../../../Engine/Content/EditorMaterials/Camera/MI_CineMat_CameraBody.uasset" 130
"../../../Engine/Content/EngineDebugMaterials/M_SimpleOpaque.uasset" 131
"../../../Engine/Content/EditorMaterials/Camera/MI_CineMat_CamViewFinder.uasset" 132
"../../../Engine/Content/EditorMeshes/Camera/SM_CineCam.uasset" 133
"../../../Engine/Content/EditorMaterials/Camera/MI_CineMat_Rig.uasset" 134
"../../../Engine/Content/EditorMeshes/Camera/SM_CraneRig_Arm.uasset" 135
"../../../Engine/Content/EditorMeshes/Camera/SM_CraneRig_Base.uasset" 136
"../../../Engine/Content/EditorMeshes/Camera/SM_CraneRig_Body.uasset" 137
"../../../Engine/Content/EditorMeshes/Camera/SM_CraneRig_Mount.uasset" 138
"../../../Engine/Content/EditorMeshes/Camera/SM_RailRig_Mount.uasset" 139
"../../../Engine/Content/EditorMeshes/Camera/SM_RailRig_Track.uasset" 140
"../../../Engine/Content/EditorMeshes/ColorCalibrator/M_ChromeBall.uasset" 141
"../../../Engine/Content/EditorResources/Bad.uasset" 142
"../../../Engine/Content/EditorResources/BSPVertex.uasset" 143
"../../../Engine/Content/EditorResources/EmptyActor.uasset" 144
"../../../Engine/Content/EditorResources/MatInstActSprite.uasset" 145
"../../../Engine/Content/EditorResources/SceneManager.uasset" 146
"../../../Engine/Content/EditorResources/SmallFont.uasset" 147
"../../../Engine/Content/EditorResources/S_Actor.uasset" 148
"../../../Engine/Content/EditorResources/S_DecalActorIcon.uasset" 149
"../../../Engine/Content/EditorResources/S_Emitter.uasset" 150
"../../../Engine/Content/EditorResources/S_ExpoHeightFog.uasset" 151
"../../../Engine/Content/EditorResources/S_FTest.uasset" 152
"../../../Engine/Content/EditorResources/S_KBSJoint.uasset" 153
"../../../Engine/Content/EditorResources/S_KHinge.uasset" 154
"../../../Engine/Content/EditorResources/S_KPrismatic.uasset" 155
"../../../Engine/Content/EditorResources/S_LevelSequence.uasset" 156
"../../../Engine/Content/EditorResources/S_NavP.uasset" 157
"../../../Engine/Content/EditorResources/S_Note.uasset" 158
"../../../Engine/Content/EditorResources/S_Player.uasset" 159
"../../../Engine/Content/EditorResources/S_PortalActorIcon2.uasset" 160
"../../../Engine/Content/EditorResources/S_RadForce.uasset" 161
"../../../Engine/Content/EditorResources/S_ReflActorIcon.uasset" 162
"../../../Engine/Content/EditorResources/S_SkyAtmosphere.uasset" 163
"../../../Engine/Content/EditorResources/S_Solver.uasset" 164
"../../../Engine/Content/EditorResources/S_Terrain.uasset" 165
"../../../Engine/Content/EditorResources/S_TextRenderActorIcon.uasset" 166
"../../../Engine/Content/EditorResources/S_Thruster.uasset" 167
"../../../Engine/Content/EditorResources/S_Trigger.uasset" 168
"../../../Engine/Content/EditorResources/S_VectorFieldVol.uasset" 169
"../../../Engine/Content/EditorResources/S_WindDirectional.uasset" 170
"../../../Engine/Content/EditorResources/AI/S_NavLink.uasset" 171
"../../../Engine/Content/EditorResources/LightIcons/SkyLight.uasset" 172
"../../../Engine/Content/EditorResources/LightIcons/S_LightDirectional.uasset" 173
"../../../Engine/Content/EditorResources/LightIcons/S_LightDirectionalMove.uasset" 174
"../../../Engine/Content/EditorResources/LightIcons/S_LightError.uasset" 175
"../../../Engine/Content/EditorResources/LightIcons/S_LightPoint.uasset" 176
"../../../Engine/Content/EditorResources/LightIcons/S_LightPointMove.uasset" 177
"../../../Engine/Content/EditorResources/LightIcons/S_LightSpot.uasset" 178
"../../../Engine/Content/EditorResources/LightIcons/S_LightSpotMove.uasset" 179
"../../../Engine/Content/EditorResources/SequenceRecorder/Countdown.uasset" 180
"../../../Engine/Content/EditorResources/SequenceRecorder/RecordingIndicator.uasset" 181
"../../../Engine/Content/EditorResources/Spline/T_Loft_Spline.uasset" 182
"../../../Engine/Content/EditorSounds/Notifications/CompileFailed.uasset" 183
"../../../Engine/Content/EditorSounds/Notifications/CompileFailed_Cue.uasset" 184
"../../../Engine/Content/EditorSounds/Notifications/CompileSuccess.uasset" 185
"../../../Engine/Content/EditorSounds/Notifications/CompileStart_Cue.uasset" 186
"../../../Engine/Content/EditorSounds/Notifications/CompileSuccess_Cue.uasset" 187
"../../../Engine/Content/EngineDamageTypes/DmgTypeBP_Environmental.uasset" 188
"../../../Engine/Content/EngineDebugMaterials/HeatmapGradient.uasset" 189
"../../../Engine/Content/EngineDebugMaterials/BoneWeightMaterial.uasset" 190
"../../../Engine/Content/EngineDebugMaterials/ClothMaterial.uasset" 191
"../../../Engine/Content/EngineDebugMaterials/ClothMaterial_WF.uasset" 192
"../../../Engine/Content/EngineDebugMaterials/DebugEditorMaterial.uasset" 193
"../../../Engine/Content/EngineDebugMaterials/DebugMeshMaterial.uasset" 194
"../../../Engine/Content/EngineDebugMaterials/GeomMaterial.uasset" 195
"../../../Engine/Content/Functions/Engine_MaterialFunctions01/Shading/ConvertFromDiffSpec.uasset" 196
"../../../Engine/Content/EngineDebugMaterials/LevelColorationLitMaterial.uasset" 197
"../../../Engine/Content/EngineDebugMaterials/LevelColorationUnlitMaterial.uasset" 198
"../../../Engine/Content/EngineMaterials/DefaultWhiteGrid.uasset" 199
"../../../Engine/Content/EngineDebugMaterials/MAT_LevelColorationLitLightmapUV.uasset" 200
"../../../Engine/Content/EngineDebugMaterials/M_SimpleTranslucent.uasset" 201
"../../../Engine/Content/Functions/Engine_MaterialFunctions02/Utility/CameraDirectionVector.uasset" 202
"../../../Engine/Content/EngineDebugMaterials/VolumeToRender.uasset" 203
"../../../Engine/Content/EngineDebugMaterials/M_VolumeRenderSphereTracePP.uasset" 204
"../../../Engine/Content/EngineDebugMaterials/ShadedLevelColorationLitMaterial.uasset" 205
"../../../Engine/Content/EngineDebugMaterials/ShadedLevelColorationUnlitMateri.uasset" 206
"../../../Engine/Content/EngineDebugMaterials/VertexColorMaterial.uasset" 207
"../../../Engine/Content/EngineDebugMaterials/VertexColorViewMode_AlphaAsColor.uasset" 208
"../../../Engine/Content/EngineDebugMaterials/VertexColorViewMode_BlueOnly.uasset" 209
"../../../Engine/Content/EngineDebugMaterials/VertexColorViewMode_ColorOnly.uasset" 210
"../../../Engine/Content/EngineDebugMaterials/VertexColorViewMode_GreenOnly.uasset" 211
"../../../Engine/Content/EngineDebugMaterials/VertexColorViewMode_RedOnly.uasset" 212
"../../../Engine/Content/EngineDebugMaterials/WireframeMaterial.uasset" 213
"../../../Engine/Content/EngineFonts/Faces/DroidSansFallback.uasset" 214
"../../../Engine/Content/EngineFonts/Faces/RobotoBold.uasset" 215
"../../../Engine/Content/EngineFonts/Faces/RobotoBoldItalic.uasset" 216
"../../../Engine/Content/EngineFonts/Faces/RobotoItalic.uasset" 217
"../../../Engine/Content/EngineFonts/Faces/RobotoLight.uasset" 218
"../../../Engine/Content/EngineFonts/Faces/RobotoRegular.uasset" 219
"../../../Engine/Content/EngineFonts/Roboto.uasset" 220
"../../../Engine/Content/EngineFonts/Faces/RobotoTiny.uasset" 221
"../../../Engine/Content/EngineFonts/RobotoTiny.uasset" 222
"../../../Engine/Content/EngineFonts/SmallFont.uasset" 223
"../../../Engine/Content/EngineFonts/TinyFont.uasset" 224
"../../../Engine/Content/EngineMaterials/BaseFlattenDiffuseMap.uasset" 225
"../../../Engine/Content/EngineMaterials/BaseFlattenEmissiveMap.uasset" 226
"../../../Engine/Content/EngineMaterials/BaseFlattenGrayscaleMap.uasset" 227
"../../../Engine/Content/EngineMaterials/BaseFlattenNormalMap.uasset" 228
"../../../Engine/Content/EngineMaterials/BaseFlattenMaterial.uasset" 229
"../../../Engine/Content/EngineResources/WhiteSquareTexture.uasset" 230
"../../../Engine/Content/EngineMaterials/BlinkingCaret.uasset" 231
"../../../Engine/Content/EngineMaterials/BlueNoise.uasset" 232
"../../../Engine/Content/EngineMaterials/DefaultBloomKernel.uasset" 233
"../../../Engine/Content/EngineMaterials/DefaultBokeh.uasset" 234
"../../../Engine/Content/EngineMaterials/DefaultDeferredDecalMaterial.uasset" 235
"../../../Engine/Content/EngineMaterials/DefaultLightFunctionMaterial.uasset" 236
"../../../Engine/Content/EngineMaterials/DefaultNormal.uasset" 237
"../../../Engine/Content/EngineMaterials/DefaultPostProcessMaterial.uasset" 238
"../../../Engine/Content/EngineFonts/RobotoDistanceField.uasset" 239
"../../../Engine/Content/EngineMaterials/DefaultTextMaterialOpaque.uasset" 240
"../../../Engine/Content/EngineMaterials/DefaultVirtualTextureMaterial.uasset" 241
"../../../Engine/Content/EngineMaterials/EditorBrushMaterial.uasset" 242
"../../../Engine/Content/EngineMaterials/DefaultWhiteGrid_Low.uasset" 243
"../../../Engine/Content/EngineMaterials/EmissiveMeshMaterial.uasset" 244
"../../../Engine/Content/EngineMaterials/GizmoMaterial.uasset" 245
"../../../Engine/Content/EngineMaterials/Good64x64TilingNoiseHighFreq.uasset" 246
"../../../Engine/Content/EngineMaterials/Grid_N.uasset" 247
"../../../Engine/Content/EngineMaterials/HairColorMap.uasset" 248
"../../../Engine/Content/EngineMaterials/HairDebugColor.uasset" 249
"../../../Engine/Content/EngineMaterials/HairDebugMaterial.uasset" 250
"../../../Engine/Content/EngineMaterials/HairDefaultMaterial.uasset" 251
"../../../Engine/Content/EngineMaterials/HighResolutionScreenshotMaskFunction.uasset" 252
"../../../Engine/Content/EngineMaterials/HighResScreenshot.uasset" 253
"../../../Engine/Content/EngineMaterials/HighResScreenshotCaptureRegion.uasset" 254
"../../../Engine/Content/EngineMaterials/HighResScreenshotMask.uasset" 255
"../../../Engine/Content/EngineMaterials/LandscapeHolePhysicalMaterial.uasset" 256
"../../../Engine/Content/EngineMaterials/InvalidLightmapSettings.uasset" 257
"../../../Engine/Content/EngineMaterials/M_InvalidLightmapSettings.uasset" 258
"../../../Engine/Content/EngineMaterials/PaperDiffuse.uasset" 259
"../../../Engine/Content/EngineMaterials/PaperNormal.uasset" 260
"../../../Engine/Content/Functions/Engine_MaterialFunctions02/WorldPositionOffset/CameraOffset.uasset" 261
"../../../Engine/Content/EngineMaterials/PhAT_JointLimitMaterial.uasset" 262
"../../../Engine/Content/EngineMaterials/PhysMat_Rubber.uasset" 263
"../../../Engine/Content/EngineMaterials/PreintegratedSkinBRDF.uasset" 264
"../../../Engine/Content/EngineMaterials/RemoveSurfaceMaterial.uasset" 265
"../../../Engine/Content/EngineMaterials/WeightMapPlaceholderTexture.uasset" 266
"../../../Engine/Content/Functions/Engine_MaterialFunctions01/ImageAdjustment/sRGBToLinear.uasset" 267
"../../../Engine/Content/Functions/Engine_MaterialFunctions02/Utility/BreakOutFloat3Components.uasset" 268
"../../../Engine/Content/EngineMaterials/Widget3DCameraPassThrough_Opaque_OneSided.uasset" 269
"../../../Engine/Content/EngineMaterials/Widget3DPassThrough.uasset" 270
"../../../Engine/Content/EngineMaterials/Widget3DPassThrough_Masked.uasset" 271
"../../../Engine/Content/EngineMaterials/Widget3DPassThrough_Opaque.uasset" 272
"../../../Engine/Content/EngineMaterials/Widget3DPassThrough_Masked_OneSided.uasset" 273
"../../../Engine/Content/EngineMaterials/Widget3DPassThrough_Opaque_OneSided.uasset" 274
"../../../Engine/Content/EngineMaterials/Widget3DPassThrough_Translucent.uasset" 275
"../../../Engine/Content/EngineMaterials/Widget3DPassThrough_Translucent_OneSided.uasset" 276
"../../../Engine/Content/EngineMeshes/Cylinder.uasset" 277
"../../../Engine/Content/EngineMeshes/Sphere.uasset" 278
"../../../Engine/Content/EngineResources/Black.uasset" 279
"../../../Engine/Content/EngineResources/DefaultTexture.uasset" 280
"../../../Engine/Content/EngineResources/DefaultTextureCube.uasset" 281
"../../../Engine/Content/EngineResources/DefaultVolumeTexture2D.uasset" 282
"../../../Engine/Content/EngineResources/DefaultVolumeTexture.uasset" 283
"../../../Engine/Content/EngineResources/GradientTexture0.uasset" 284
"../../../Engine/Content/EngineResources/StreamingPauseIcon.uasset" 285
"../../../Engine/Content/EngineResources/M_StreamingPause.uasset" 286
"../../../Engine/Content/EngineSounds/Master.uasset" 287
"../../../Engine/Content/Functions/Engine_MaterialFunctions01/Shading/PowerToRoughness.uasset" 288
"../../../Engine/Content/Maps/Templates/Thumbnails/Default.uasset" 289
"../../../Engine/Content/Maps/Templates/Thumbnails/TimeOfDay.uasset" 290
"../../../Engine/Content/Maps/Templates/Thumbnails/VR-Basic.uasset" 291
"../../../Engine/Content/MapTemplates/Sky/DaylightAmbientCubemap.uasset" 292
"../../../Engine/Content/MobileResources/T_MobileControls_texture.uasset" 293
"../../../Engine/Content/MobileResources/T_MobileMenu2.uasset" 294
"../../../Engine/Content/MobileResources/HUD/AnalogHat.uasset" 295
"../../../Engine/Content/MobileResources/HUD/VirtualJoystick_Background.uasset" 296
"../../../Engine/Content/MobileResources/HUD/VirtualJoystick_Thumb.uasset" 297
"../../../Engine/Content/MobileResources/HUD/DefaultVirtualJoysticks.uasset" 298
"../../../Engine/Content/MobileResources/HUD/LeftVirtualJoystickOnly.uasset" 299
"../../../Engine/Content/MobileResources/HUD/MobileHUDButton1_off.uasset" 300
"../../../Engine/Content/MobileResources/HUD/MobileHUDButton1_on.uasset" 301
"../../../Engine/Content/MobileResources/HUD/MobileHUDButton2_off.uasset" 302
"../../../Engine/Content/MobileResources/HUD/MobileHUDButton2_on.uasset" 303
"../../../Engine/Content/MobileResources/HUD/MobileHUDButton3.uasset" 304
"../../../Engine/Content/MobileResources/HUD/MobileHUDButtonFire.uasset" 305
"../../../Engine/Content/MobileResources/HUD/MobileHUDDirectionPad.uasset" 306
"../../../Engine/Content/MobileResources/HUD/MobileHUDDirectionPad2.uasset" 307
"../../../Engine/Content/MobileResources/HUD/MobileHUDDirectionPad3.uasset" 308
"../../../Engine/Content/MobileResources/HUD/MobileHUDDirectionStick.uasset" 309
"../../../Engine/Content/MobileResources/HUD/T_Castle_ThumbstickInner.uasset" 310
"../../../Engine/Content/MobileResources/HUD/T_Castle_ThumbstickOutter.uasset" 311
"../../../Engine/Content/Tutorial/ContentIntroCurve.uasset" 312
"../../../Engine/Content/Tutorial/Basics/LevelEditorAttract.uasset" 313
"../../../Engine/Content/Tutorial/Basics/TutorialAssets/icon_tab_Levels_40x.uasset" 314
"../../../Engine/Content/Tutorial/Basics/LevelEditorOverview.uasset" 315
"../../../Engine/Content/Tutorial/BlueprintTutorials/TutorialAssets/Blueprint_64x.uasset" 316
"../../../Engine/Content/Tutorial/BlueprintTutorials/BlueprintEditorTutorial.uasset" 317
"../../../Engine/Content/Tutorial/BlueprintTutorials/TutorialAssets/Tutorial_BP_MacroLib.uasset" 318
"../../../Engine/Content/VREditor/LaserPointer/VR_LaserPower_01.uasset" 319
"../../../Engine/Content/VREditor/TransformGizmo/TransformGizmoMaterial.uasset" 320
"../../../Engine/Content/VREditor/TransformGizmo/TranslucentTransformGizmoMaterial.uasset" 321
"../../../Engine/Content/VREditor/TransformGizmo/BoundingBoxCorner.uasset" 322
"../../../Engine/Content/VREditor/TransformGizmo/BoundingBoxEdge.uasset" 323
"../../../Engine/Content/VREditor/TransformGizmo/PlaneTranslationHandle.uasset" 324
"../../../Engine/Content/VREditor/TransformGizmo/Main.uasset" 325
"../../../Engine/Content/VREditor/TransformGizmo/Xray.uasset" 326
"../../../Engine/Content/VREditor/TransformGizmo/SM_Sequencer_Key.uasset" 327
"../../../Engine/Content/VREditor/TransformGizmo/SM_Sequencer_Node.uasset" 328
"C:/Users/throw/OneDrive/Documents/GitHub/UniProject/Content/GUIAssets/Window.uasset" 329
"C:/Users/throw/OneDrive/Documents/GitHub/UniProject/Content/GUIAssets/Ok_BTN.uasset" 330
"C:/Users/throw/OneDrive/Documents/GitHub/UniProject/Content/GUIAssets/FAQ_BTN.uasset" 331
"C:/Users/throw/OneDrive/Documents/GitHub/UniProject/Content/GUIAssets/Hangar_BTN.uasset" 332
"C:/Users/throw/OneDrive/Documents/GitHub/UniProject/Content/GUIAssets/Forward_BTN.uasset" 333
"C:/Users/throw/OneDrive/Documents/GitHub/UniProject/Content/GUIAssets/Backward_BTN.uasset" 334
"C:/Users/throw/OneDrive/Documents/GitHub/UniProject/Content/GUIAssets/Replay_BTN.uasset" 335
"C:/Users/throw/OneDrive/Documents/GitHub/UniProject/Content/GUIAssets/Shop_BTN.uasset" 336
"C:/Users/throw/OneDrive/Documents/GitHub/UniProject/Content/GUIAssets/Sound_BTN.uasset" 337
"C:/Users/throw/OneDrive/Documents/GitHub/UniProject/Content/GUIAssets/Upgrade_BTN.uasset" 338
"C:/Users/throw/OneDrive/Documents/GitHub/UniProject/Content/GUIAssets/Vibration_BTN.uasset" 339
"C:/Users/throw/OneDrive/Documents/GitHub/UniProject/Content/GUIAssets/Info_BTN.uasset" 340
"C:/Users/throw/OneDrive/Documents/GitHub/UniProject/Content/GUIAssets/Menu_BTN.uasset" 341
"C:/Users/throw/OneDrive/Documents/GitHub/UniProject/Content/GUIAssets/More_Games_BTN.uasset" 342
"C:/Users/throw/OneDrive/Documents/GitHub/UniProject/Content/GUIAssets/Notifications_BTN.uasset" 343
"C:/Users/throw/OneDrive/Documents/GitHub/UniProject/Content/GUIAssets/Music_BTN.uasset" 344
"C:/Users/throw/OneDrive/Documents/GitHub/UniProject/Content/GUIAssets/Pause_BTN.uasset" 345
"C:/Users/throw/OneDrive/Documents/GitHub/UniProject/Content/GUIAssets/Rating_BTN.uasset" 346
"C:/Users/throw/OneDrive/Documents/GitHub/UniProject/Content/GUIAssets/Cloud_04.uasset" 347
"C:/Users/throw/OneDrive/Documents/GitHub/UniProject/Content/GUIAssets/Cloud_03.uasset" 348
"C:/Users/throw/OneDrive/Documents/GitHub/UniProject/Content/GUIAssets/Cloud_02.uasset" 349
"C:/Users/throw/OneDrive/Documents/GitHub/UniProject/Content/GUIAssets/Cloud_01.uasset" 350
"C:/Users/throw/OneDrive/Documents/GitHub/UniProject/Content/GUIAssets/Window_2.uasset" 351
"C:/Users/throw/OneDrive/Documents/GitHub/UniProject/Content/GUIAssets/Table_02.uasset" 352
"C:/Users/throw/OneDrive/Documents/GitHub/UniProject/Content/GUIAssets/Table_01.uasset" 353
"C:/Users/throw/OneDrive/Documents/GitHub/UniProject/Content/GUIAssets/Speed_Icon.uasset" 354
"C:/Users/throw/OneDrive/Documents/GitHub/UniProject/Content/GUIAssets/HP_Icon.uasset" 355
"C:/Users/throw/OneDrive/Documents/GitHub/UniProject/Content/GUIAssets/Dot_02.uasset" 356
"C:/Users/throw/OneDrive/Documents/GitHub/UniProject/Content/GUIAssets/Dot_01.uasset" 357
"C:/Users/throw/OneDrive/Documents/GitHub/UniProject/Content/GUIAssets/Damage_Icon.uasset" 358
"C:/Users/throw/OneDrive/Documents/GitHub/UniProject/Content/GUIAssets/Armor_Icon.uasset" 359
"C:/Users/throw/OneDrive/Documents/GitHub/UniProject/Content/GUIAssets/Star_03.uasset" 360
"C:/Users/throw/OneDrive/Documents/GitHub/UniProject/Content/GUIAssets/Star_02.uasset" 361
"C:/Users/throw/OneDrive/Documents/GitHub/UniProject/Content/GUIAssets/Star_01.uasset" 362
"C:/Users/throw/OneDrive/Documents/GitHub/UniProject/Content/GUIAssets/Table.uasset" 363
"C:/Users/throw/OneDrive/Documents/GitHub/UniProject/Content/GUIAssets/Loading_Bar_3_3.uasset" 364
"C:/Users/throw/OneDrive/Documents/GitHub/UniProject/Content/GUIAssets/Loading_Bar_3_2.uasset" 365
"C:/Users/throw/OneDrive/Documents/GitHub/UniProject/Content/GUIAssets/Loading_Bar_3_1.uasset" 366
"C:/Users/throw/OneDrive/Documents/GitHub/UniProject/Content/GUIAssets/Loading_Bar_2_3.uasset" 367
"C:/Users/throw/OneDrive/Documents/GitHub/UniProject/Content/GUIAssets/Loading_Bar_2_2.uasset" 368
"C:/Users/throw/OneDrive/Documents/GitHub/UniProject/Content/GUIAssets/Loading_Bar_2_1.uasset" 369
"C:/Users/throw/OneDrive/Documents/GitHub/UniProject/Content/GUIAssets/Loading_Bar_1_3.uasset" 370
"C:/Users/throw/OneDrive/Documents/GitHub/UniProject/Content/GUIAssets/Loading_Bar_1_2.uasset" 371
"C:/Users/throw/OneDrive/Documents/GitHub/UniProject/Content/GUIAssets/Loading_Bar_1_1.uasset" 372
"C:/Users/throw/OneDrive/Documents/GitHub/UniProject/Content/GUIAssets/Stats_Bar.uasset" 373
"C:/Users/throw/OneDrive/Documents/GitHub/UniProject/Content/GUIAssets/Health_Dot.uasset" 374
"C:/Users/throw/OneDrive/Documents/GitHub/UniProject/Content/GUIAssets/Health_Bar_Table.uasset" 375
"C:/Users/throw/OneDrive/Documents/GitHub/UniProject/Content/GUIAssets/Boss_Name_Table.uasset" 376
"C:/Users/throw/OneDrive/Documents/GitHub/UniProject/Content/GUIAssets/Clock_Icon.uasset" 377
"C:/Users/throw/OneDrive/Documents/GitHub/UniProject/Content/GUIAssets/Boss_HP_Table.uasset" 378
"C:/Users/throw/OneDrive/Documents/GitHub/UniProject/Content/GUIAssets/Boss_HP_Bar_2.uasset" 379
"C:/Users/throw/OneDrive/Documents/GitHub/UniProject/Content/GUIAssets/Boss_HP_Bar_3.uasset" 380
"C:/Users/throw/OneDrive/Documents/GitHub/UniProject/Content/GUIAssets/Boss_HP_Bar_1.uasset" 381
"C:/Users/throw/OneDrive/Documents/GitHub/UniProject/Content/GUIAssets/Bonus_BTN_02.uasset" 382
"C:/Users/throw/OneDrive/Documents/GitHub/UniProject/Content/GUIAssets/Bonus_BTN_01.uasset" 383
"C:/Users/throw/OneDrive/Documents/GitHub/UniProject/Content/SpaceshipInterior/Textures/T_Scifi_Crate_AO.uasset" 384
"C:/Users/throw/OneDrive/Documents/GitHub/UniProject/Content/SpaceshipInterior/Textures/T_Scifi_Crate_BC.uasset" 385
"C:/Users/throw/OneDrive/Documents/GitHub/UniProject/Content/SpaceshipInterior/Textures/T_Scifi_Crate_N.uasset" 386
"C:/Users/throw/OneDrive/Documents/GitHub/UniProject/Content/SpaceshipInterior/Textures/T_Scifi_Crate_R.uasset" 387
"C:/Users/throw/OneDrive/Documents/GitHub/UniProject/Content/SpaceshipInterior/Textures/T_Scifi_Crate_S.uasset" 388
"C:/Users/throw/OneDrive/Documents/GitHub/UniProject/Content/SpaceshipInterior/Textures/T_Scifi_Door_01_AO.uasset" 389
"C:/Users/throw/OneDrive/Documents/GitHub/UniProject/Content/SpaceshipInterior/Textures/T_Scifi_Door_01_BC.uasset" 390
"C:/Users/throw/OneDrive/Documents/GitHub/UniProject/Content/SpaceshipInterior/Textures/T_Scifi_Door_01_N.uasset" 391
"C:/Users/throw/OneDrive/Documents/GitHub/UniProject/Content/SpaceshipInterior/Textures/T_Scifi_Door_01_R.uasset" 392
"C:/Users/throw/OneDrive/Documents/GitHub/UniProject/Content/SpaceshipInterior/Textures/T_Scifi_Door_01_S.uasset" 393
"C:/Users/throw/OneDrive/Documents/GitHub/UniProject/Content/SpaceshipInterior/Textures/T_Scifi_Floor_01_AO.uasset" 394
"C:/Users/throw/OneDrive/Documents/GitHub/UniProject/Content/SpaceshipInterior/Textures/T_Scifi_Floor_01_BC.uasset" 395
"C:/Users/throw/OneDrive/Documents/GitHub/UniProject/Content/SpaceshipInterior/Textures/T_Scifi_Floor_01_N.uasset" 396
"C:/Users/throw/OneDrive/Documents/GitHub/UniProject/Content/SpaceshipInterior/Textures/T_Scifi_Floor_01_R.uasset" 397
"C:/Users/throw/OneDrive/Documents/GitHub/UniProject/Content/SpaceshipInterior/Textures/T_Scifi_Floor_01_S.uasset" 398
"C:/Users/throw/OneDrive/Documents/GitHub/UniProject/Content/SpaceshipInterior/Textures/T_Scifi_Floor_03_AO.uasset" 399
"C:/Users/throw/OneDrive/Documents/GitHub/UniProject/Content/SpaceshipInterior/Textures/T_Scifi_Floor_03_BC.uasset" 400
"C:/Users/throw/OneDrive/Documents/GitHub/UniProject/Content/SpaceshipInterior/Textures/T_Scifi_Floor_03_M.uasset" 401
"C:/Users/throw/OneDrive/Documents/GitHub/UniProject/Content/SpaceshipInterior/Textures/T_Scifi_Floor_03_N.uasset" 402
"C:/Users/throw/OneDrive/Documents/GitHub/UniProject/Content/SpaceshipInterior/Textures/T_Scifi_Floor_03_R.uasset" 403
"C:/Users/throw/OneDrive/Documents/GitHub/UniProject/Content/SpaceshipInterior/Textures/T_Scifi_Floor_03_S.uasset" 404
"C:/Users/throw/OneDrive/Documents/GitHub/UniProject/Content/SpaceshipInterior/Textures/T_Scifi_Floor_04_AO.uasset" 405
"C:/Users/throw/OneDrive/Documents/GitHub/UniProject/Content/SpaceshipInterior/Textures/T_Scifi_Floor_04_BC.uasset" 406
"C:/Users/throw/OneDrive/Documents/GitHub/UniProject/Content/SpaceshipInterior/Textures/T_Scifi_Floor_04_N.uasset" 407
"C:/Users/throw/OneDrive/Documents/GitHub/UniProject/Content/SpaceshipInterior/Textures/T_Scifi_Floor_04_R.uasset" 408
"C:/Users/throw/OneDrive/Documents/GitHub/UniProject/Content/SpaceshipInterior/Textures/T_Scifi_Floor_04_S.uasset" 409
"C:/Users/throw/OneDrive/Documents/GitHub/UniProject/Content/SpaceshipInterior/Textures/T_Scifi_Panel_A.uasset" 410
"C:/Users/throw/OneDrive/Documents/GitHub/UniProject/Content/SpaceshipInterior/Textures/T_Scifi_Panel_AO.uasset" 411
"C:/Users/throw/OneDrive/Documents/GitHub/UniProject/Content/SpaceshipInterior/Textures/T_Scifi_Panel_N.uasset" 412
"C:/Users/throw/OneDrive/Documents/GitHub/UniProject/Content/SpaceshipInterior/Textures/T_Scifi_Panel_R.uasset" 413
"C:/Users/throw/OneDrive/Documents/GitHub/UniProject/Content/SpaceshipInterior/Textures/T_Scifi_Panel_S.uasset" 414
"C:/Users/throw/OneDrive/Documents/GitHub/UniProject/Content/SpaceshipInterior/Textures/T_Scifi_Pillar_01_AO.uasset" 415
"C:/Users/throw/OneDrive/Documents/GitHub/UniProject/Content/SpaceshipInterior/Textures/T_Scifi_Pillar_01_BC.uasset" 416
"C:/Users/throw/OneDrive/Documents/GitHub/UniProject/Content/SpaceshipInterior/Textures/T_Scifi_Pillar_01_N.uasset" 417
"C:/Users/throw/OneDrive/Documents/GitHub/UniProject/Content/SpaceshipInterior/Textures/T_Scifi_Pillar_01_R.uasset" 418
"C:/Users/throw/OneDrive/Documents/GitHub/UniProject/Content/SpaceshipInterior/Textures/T_Scifi_Pillar_01_S.uasset" 419
"C:/Users/throw/OneDrive/Documents/GitHub/UniProject/Content/SpaceshipInterior/Textures/T_Scifi_Wall_03_AO.uasset" 420
"C:/Users/throw/OneDrive/Documents/GitHub/UniProject/Content/SpaceshipInterior/Textures/T_Scifi_Wall_03_BC.uasset" 421
"C:/Users/throw/OneDrive/Documents/GitHub/UniProject/Content/SpaceshipInterior/Textures/T_Scifi_Wall_03_N.uasset" 422
"C:/Users/throw/OneDrive/Documents/GitHub/UniProject/Content/SpaceshipInterior/Textures/T_Scifi_Wall_03_R.uasset" 423
"C:/Users/throw/OneDrive/Documents/GitHub/UniProject/Content/SpaceshipInterior/Textures/T_Scifi_Wall_03_S.uasset" 424
"C:/Users/throw/OneDrive/Documents/GitHub/UniProject/Content/SpaceshipInterior/Textures/T_Scifi_Wall_05_AO.uasset" 425
"C:/Users/throw/OneDrive/Documents/GitHub/UniProject/Content/SpaceshipInterior/Textures/T_Scifi_Wall_05_BC.uasset" 426
"C:/Users/throw/OneDrive/Documents/GitHub/UniProject/Content/SpaceshipInterior/Textures/T_Scifi_Wall_05_N.uasset" 427
"C:/Users/throw/OneDrive/Documents/GitHub/UniProject/Content/SpaceshipInterior/Textures/T_Scifi_Wall_05_R.uasset" 428
"C:/Users/throw/OneDrive/Documents/GitHub/UniProject/Content/SpaceshipInterior/Textures/T_Scifi_Wall_05_S.uasset" 429
"C:/Users/throw/OneDrive/Documents/GitHub/UniProject/Content/Astra/Body/Ch48_nonPBR_Skeleton.uasset" 430
"C:/Users/throw/OneDrive/Documents/GitHub/UniProject/Content/Astra/Animations/Idle.uasset" 431
"C:/Users/throw/OneDrive/Documents/GitHub/UniProject/Content/Astra/Animations/pistol_walk.uasset" 432
"C:/Users/throw/OneDrive/Documents/GitHub/UniProject/Content/Astra/Animations/IdleAimingOffsets/AimingDown.uasset" 433
"C:/Users/throw/OneDrive/Documents/GitHub/UniProject/Content/Astra/Animations/IdleAimingOffsets/AimingDownLeft.uasset" 434
"C:/Users/throw/OneDrive/Documents/GitHub/UniProject/Content/Astra/Animations/IdleAimingOffsets/AimingDownRight.uasset" 435
"C:/Users/throw/OneDrive/Documents/GitHub/UniProject/Content/Astra/Animations/IdleAimingOffsets/AImingLeft.uasset" 436
"C:/Users/throw/OneDrive/Documents/GitHub/UniProject/Content/Astra/Animations/IdleAimingOffsets/AimingRight.uasset" 437
"C:/Users/throw/OneDrive/Documents/GitHub/UniProject/Content/Astra/Animations/IdleAimingOffsets/AimingUp.uasset" 438
"C:/Users/throw/OneDrive/Documents/GitHub/UniProject/Content/Astra/Animations/IdleAimingOffsets/AimingUpLeft.uasset" 439
"C:/Users/throw/OneDrive/Documents/GitHub/UniProject/Content/Astra/Animations/IdleAimingOffsets/AimingUpRight.uasset" 440
"C:/Users/throw/OneDrive/Documents/GitHub/UniProject/Content/Astra/Animations/pistol_idle.uasset" 441
"C:/Users/throw/OneDrive/Documents/GitHub/UniProject/Content/Astra/Animations/IdleAimingOffsets/AimingOffsetIdle.uasset" 442
"C:/Users/throw/OneDrive/Documents/GitHub/UniProject/Content/AimingWalkingDown2.uasset" 443
"C:/Users/throw/OneDrive/Documents/GitHub/UniProject/Content/AimingWalkingDownLeft2.uasset" 444
"C:/Users/throw/OneDrive/Documents/GitHub/UniProject/Content/AimingWalkingDownRight2.uasset" 445
"C:/Users/throw/OneDrive/Documents/GitHub/UniProject/Content/Astra/Animations/AimingWalkingOffsets/AimingWalkingLeft.uasset" 446
"C:/Users/throw/OneDrive/Documents/GitHub/UniProject/Content/Astra/Animations/AimingWalkingOffsets/AimingWalkingRight.uasset" 447
"C:/Users/throw/OneDrive/Documents/GitHub/UniProject/Content/Astra/Animations/AimingWalkingOffsets/AimingWalkingUP.uasset" 448
"C:/Users/throw/OneDrive/Documents/GitHub/UniProject/Content/Astra/Animations/AimingWalkingOffsets/AimingWalkingUpRight.uasset" 449
"C:/Users/throw/OneDrive/Documents/GitHub/UniProject/Content/PistolWalkingAiming.uasset" 450
"C:/Users/throw/OneDrive/Documents/GitHub/UniProject/Content/Astra/Animations/IdleAimingOffsets/AimingOffsetWalking.uasset" 451
"C:/Users/throw/OneDrive/Documents/GitHub/UniProject/Content/Astra/Animations/Running.uasset" 452
"C:/Users/throw/OneDrive/Documents/GitHub/UniProject/Content/Astra/Animations/Walking2.uasset" 453
"C:/Users/throw/OneDrive/Documents/GitHub/UniProject/Content/Astra/Blueprints/AstraMovement_BlendSpace.uasset" 454
"C:/Users/throw/OneDrive/Documents/GitHub/UniProject/Content/Astra/Animations/AimingRunningDown.uasset" 455
"C:/Users/throw/OneDrive/Documents/GitHub/UniProject/Content/Astra/Animations/pistol_run.uasset" 456
"C:/Users/throw/OneDrive/Documents/GitHub/UniProject/Content/PistolAimingRunningUp.uasset" 457
"C:/Users/throw/OneDrive/Documents/GitHub/UniProject/Content/PistolRunningAimingDown.uasset" 458
"C:/Users/throw/OneDrive/Documents/GitHub/UniProject/Content/Astra/Blueprints/AstraWeaponMovement_BlendSpace.uasset" 459
"C:/Users/throw/OneDrive/Documents/GitHub/UniProject/Content/Astra/Blueprints/Asta_ABP.uasset" 460
"C:/Users/throw/OneDrive/Documents/GitHub/UniProject/Content/FPSpawn/Meshes/Glock_Rigged_Skeleton.uasset" 461
"C:/Users/throw/OneDrive/Documents/GitHub/UniProject/Content/FPSpawn/Animations/Glock_Fire_anim.uasset" 462
"C:/Users/throw/OneDrive/Documents/GitHub/UniProject/Content/FPSpawn/Textures/Glock_D.uasset" 463
"C:/Users/throw/OneDrive/Documents/GitHub/UniProject/Content/FPSpawn/Textures/Glock_D_Mat.uasset" 464
"C:/Users/throw/OneDrive/Documents/GitHub/UniProject/Content/FPSpawn/Meshes/Glock_Rigged_PhysicsAsset.uasset" 465
"C:/Users/throw/OneDrive/Documents/GitHub/UniProject/Content/FPSpawn/Meshes/Glock_Rigged.uasset" 466
"C:/Users/throw/OneDrive/Documents/GitHub/UniProject/Content/Astra/Pistol/BaseWeapon.uasset" 467
"C:/Users/throw/OneDrive/Documents/GitHub/UniProject/Content/Astra/Pistol/GlockWeapon.uasset" 468
"../../../Engine/Content/Functions/Engine_MaterialFunctions01/ImageAdjustment/CheapContrast_RGB.uasset" 469
"C:/Users/throw/OneDrive/Documents/GitHub/UniProject/Content/StarterBundle/ModularSci_Comm/Textures/Base/T_Base_Dirt_2.uasset" 470
"C:/Users/throw/OneDrive/Documents/GitHub/UniProject/Content/StarterBundle/ModularSci_Comm/Textures/T_Hexagon.uasset" 471
"C:/Users/throw/OneDrive/Documents/GitHub/UniProject/Content/StarterBundle/ModularSci_Comm/Textures/T_Metal_Brushed_N.uasset" 472
"C:/Users/throw/OneDrive/Documents/GitHub/UniProject/Content/StarterBundle/ModularSci_Comm/Textures/T_Metal_Scratches_M.uasset" 473
"C:/Users/throw/OneDrive/Documents/GitHub/UniProject/Content/StarterBundle/ModularSci_Comm/Materials/M_SolidColor_Base.uasset" 474
"C:/Users/throw/OneDrive/Documents/GitHub/UniProject/Content/StarterBundle/ModularSci_Comm/Textures/Decals/Normals/T_Indent_G_normals.uasset" 475
"C:/Users/throw/OneDrive/Documents/GitHub/UniProject/Content/StarterBundle/ModularSci_Comm/Materials/MI_FlatBlack.uasset" 476
"../../../Engine/Content/BasicShapes/Cylinder.uasset" 477
"../../../Engine/Content/BasicShapes/Sphere.uasset" 478
"C:/Users/throw/OneDrive/Documents/GitHub/UniProject/Content/Astra/Body/Ch48_1001_Diffuse.uasset" 479
"C:/Users/throw/OneDrive/Documents/GitHub/UniProject/Content/Astra/Body/Ch48_1001_Emissive.uasset" 480
"C:/Users/throw/OneDrive/Documents/GitHub/UniProject/Content/Astra/Body/Ch48_1001_Glossiness.uasset" 481
"C:/Users/throw/OneDrive/Documents/GitHub/UniProject/Content/Astra/Body/Ch48_1001_Normal.uasset" 482
"C:/Users/throw/OneDrive/Documents/GitHub/UniProject/Content/Astra/Body/Ch48_1001_Specular.uasset" 483
"C:/Users/throw/OneDrive/Documents/GitHub/UniProject/Content/Astra/Body/Ch48_body.uasset" 484
"C:/Users/throw/OneDrive/Documents/GitHub/UniProject/Content/Astra/Body/Ch48_1002_Diffuse.uasset" 485
"C:/Users/throw/OneDrive/Documents/GitHub/UniProject/Content/Astra/Body/Ch48_1002_Emissive.uasset" 486
"C:/Users/throw/OneDrive/Documents/GitHub/UniProject/Content/Astra/Body/Ch48_1002_Glossiness.uasset" 487
"C:/Users/throw/OneDrive/Documents/GitHub/UniProject/Content/Astra/Body/Ch48_1002_Normal.uasset" 488
"C:/Users/throw/OneDrive/Documents/GitHub/UniProject/Content/Astra/Body/Ch48_1002_Specular.uasset" 489
"C:/Users/throw/OneDrive/Documents/GitHub/UniProject/Content/Astra/Body/Ch48_body1.uasset" 490
"C:/Users/throw/OneDrive/Documents/GitHub/UniProject/Content/Astra/Body/Ch48_1003_Diffuse.uasset" 491
"C:/Users/throw/OneDrive/Documents/GitHub/UniProject/Content/Astra/Body/Ch48_1003_Glossiness.uasset" 492
"C:/Users/throw/OneDrive/Documents/GitHub/UniProject/Content/Astra/Body/Ch48_hair.uasset" 493
"C:/Users/throw/OneDrive/Documents/GitHub/UniProject/Content/Astra/Body/Ch48_nonPBR_PhysicsAsset.uasset" 494
"C:/Users/throw/OneDrive/Documents/GitHub/UniProject/Content/Astra/Body/Ch48_nonPBR.uasset" 495
"C:/Users/throw/OneDrive/Documents/GitHub/UniProject/Content/Sounds/hkp2000_draw.uasset" 496
"C:/Users/throw/OneDrive/Documents/GitHub/UniProject/Content/Sounds/usp1.uasset" 497
"C:/Users/throw/OneDrive/Documents/GitHub/UniProject/Content/StarterContent/Textures/T_Burst_M.uasset" 498
"C:/Users/throw/OneDrive/Documents/GitHub/UniProject/Content/StarterContent/Particles/Materials/M_Burst.uasset" 499
"C:/Users/throw/OneDrive/Documents/GitHub/UniProject/Content/StarterContent/Textures/T_Explosion_SubUV.uasset" 500
"C:/Users/throw/OneDrive/Documents/GitHub/UniProject/Content/StarterContent/Particles/Materials/M_explosion_subUV.uasset" 501
"C:/Users/throw/OneDrive/Documents/GitHub/UniProject/Content/StarterContent/Particles/Materials/m_flare_01.uasset" 502
"../../../Engine/Content/Functions/Engine_MaterialFunctions01/Gradient/RadialGradient.uasset" 503
"C:/Users/throw/OneDrive/Documents/GitHub/UniProject/Content/StarterContent/Particles/Materials/M_radial_ramp.uasset" 504
"C:/Users/throw/OneDrive/Documents/GitHub/UniProject/Content/StarterContent/Textures/T_Smoke_SubUV.uasset" 505
"C:/Users/throw/OneDrive/Documents/GitHub/UniProject/Content/StarterContent/Textures/T_Smoke_Tiled_D.uasset" 506
"C:/Users/throw/OneDrive/Documents/GitHub/UniProject/Content/StarterContent/Particles/Materials/M_smoke_subUV.uasset" 507
"C:/Users/throw/OneDrive/Documents/GitHub/UniProject/Content/StarterContent/Particles/P_Explosion.uasset" 508
"C:/Users/throw/OneDrive/Documents/GitHub/UniProject/Content/Astra/ThirdPersonCharacter1.uasset" 509
"C:/Users/throw/OneDrive/Documents/GitHub/UniProject/Content/ThirdPersonBP/Blueprints/ThirdPersonGameMode.uasset" 510
"../../Plugins/2D/Paper2D/Content/PlaceholderTextures/DummySpriteTexture.uasset" 511
"../../Plugins/2D/Paper2D/Content/DummySprite.uasset" 512
"../../Plugins/2D/Paper2D/Content/DefaultPaperTerrainMaterial.uasset" 513
"../../Plugins/2D/Paper2D/Content/DefaultSpriteMaterial.uasset" 514
"../../Plugins/2D/Paper2D/Content/MaskedUnlitSpriteMaterial.uasset" 515
"../../Plugins/2D/Paper2D/Content/OpaqueUnlitSpriteMaterial.uasset" 516
"../../Plugins/Enterprise/DatasmithContent/Content/Blueprints/FBXImporter/FBXImporterUtils.uasset" 517
"../../../Engine/Content/Functions/Engine_MaterialFunctions02/Utility/BreakOutFloat4Components.uasset" 518
"../../Plugins/Runtime/Oculus/OculusVR/Content/Materials/OculusMR_ChromaKey.uasset" 519
"../../Plugins/Runtime/Oculus/OculusVR/Content/Materials/OculusMR_ChromaKey_Lit.uasset" 520
"../../Plugins/Runtime/Oculus/OculusVR/Content/Materials/OculusMR_OpaqueColoredMaterial.uasset" 521
"../../Plugins/Runtime/Oculus/OculusVR/Content/Materials/OculusMR_WhiteMaterial.uasset" 522
"../../Plugins/Runtime/Oculus/OculusVR/Content/Materials/PokeAHoleMaterial.uasset" 523
"../../Plugins/Runtime/Oculus/OculusVR/Content/Textures/GearVRController_AO.uasset" 524
"../../Plugins/Runtime/Oculus/OculusVR/Content/Textures/GearVRController_Color.uasset" 525
"../../Plugins/Runtime/Oculus/OculusVR/Content/Textures/GearVRController_Normal.uasset" 526
"../../Plugins/Runtime/Oculus/OculusVR/Content/Materials/GearVRControllerMaterial.uasset" 527
"../../Plugins/Runtime/Oculus/OculusVR/Content/Meshes/GearVrController.uasset" 528
"../../Plugins/Runtime/Oculus/OculusVR/Content/Textures/touchController_albedo.uasset" 529
"../../Plugins/Runtime/Oculus/OculusVR/Content/Textures/touchController_controlmap.uasset" 530
"../../Plugins/Runtime/Oculus/OculusVR/Content/Materials/touchController_mat.uasset" 531
"../../Plugins/Runtime/Oculus/OculusVR/Content/Meshes/LeftTouchController.uasset" 532
"../../Plugins/Runtime/Oculus/OculusVR/Content/Meshes/RiftHMD.uasset" 533
"../../Plugins/Runtime/Oculus/OculusVR/Content/Meshes/RightTouchController.uasset" 534
"../../../Engine/Content/Maps/Entry_BuiltData.uasset" 535
"../../../Engine/Content/Maps/Entry.umap" 536
"../../../Engine/Content/EngineSky/C_Sky_Cloud_Color.uasset" 537
"../../../Engine/Content/EngineSky/C_Sky_Horizon_Color.uasset" 538
"../../../Engine/Content/EngineSky/C_Sky_Zenith_Color.uasset" 539
"../../../Engine/Content/EngineSky/T_Sky_Blue.uasset" 540
"../../../Engine/Content/EngineSky/T_Sky_Clouds_M.uasset" 541
"../../../Engine/Content/EngineSky/T_Sky_Stars.uasset" 542
"../../../Engine/Content/EngineSky/M_Sky_Panning_Clouds2.uasset" 543
"../../../Engine/Content/EngineSky/SM_SkySphere.uasset" 544
"../../../Engine/Content/EngineSky/BP_Sky_Sphere.uasset" 545
"C:/Users/throw/OneDrive/Documents/GitHub/UniProject/Content/GUIAssets/Close_BTN.uasset" 546
"C:/Users/throw/OneDrive/Documents/GitHub/UniProject/Content/GUIAssets/Play_BTN.uasset" 547
"C:/Users/throw/OneDrive/Documents/GitHub/UniProject/Content/GUIAssets/Settings_BTN.uasset" 548
"C:/Users/throw/OneDrive/Documents/GitHub/UniProject/Content/MainMenu/ISS.uasset" 549
"C:/Users/throw/OneDrive/Documents/GitHub/UniProject/Content/Sounds/CursorClick.uasset" 550
"C:/Users/throw/OneDrive/Documents/GitHub/UniProject/Content/MainMenu/MainMenu.uasset" 551
"C:/Users/throw/OneDrive/Documents/GitHub/UniProject/Content/MainMenu/MainMenuHUD.uasset" 552
"C:/Users/throw/OneDrive/Documents/GitHub/UniProject/Content/MainMenu/MainMenuMode.uasset" 553
"C:/Users/throw/OneDrive/Documents/GitHub/UniProject/Content/ThirdPersonBP/Maps/DesignTestMap_BuiltData.uasset" 554
"C:/Users/throw/OneDrive/Documents/GitHub/UniProject/Content/SpaceshipInterior/Materials/MI_Scifi_Crate.uasset" 555
"C:/Users/throw/OneDrive/Documents/GitHub/UniProject/Content/SpaceshipInterior/Meshes/SM_Scifi_Crate.uasset" 556
"C:/Users/throw/OneDrive/Documents/GitHub/UniProject/Content/SpaceshipInterior/Materials/M_Scifi_Floor_03.uasset" 557
"C:/Users/throw/OneDrive/Documents/GitHub/UniProject/Content/SpaceshipInterior/Meshes/SM_Scifi_Floor_03_4m.uasset" 558
"C:/Users/throw/OneDrive/Documents/GitHub/UniProject/Content/SpaceshipInterior/Materials/M_Scifi_Door_01.uasset" 559
"C:/Users/throw/OneDrive/Documents/GitHub/UniProject/Content/SpaceshipInterior/Materials/MI_Scifi_Floor_04.uasset" 560
"C:/Users/throw/OneDrive/Documents/GitHub/UniProject/Content/SpaceshipInterior/Meshes/SM_Scifi_Floor_04_Dark.uasset" 561
"C:/Users/throw/OneDrive/Documents/GitHub/UniProject/Content/SpaceshipInterior/Materials/MI_Scifi_Floor_01.uasset" 562
"C:/Users/throw/OneDrive/Documents/GitHub/UniProject/Content/SpaceshipInterior/Materials/MI_Scifi_Panel.uasset" 563
"C:/Users/throw/OneDrive/Documents/GitHub/UniProject/Content/SpaceshipInterior/Materials/MI_Scifi_Pillar.uasset" 564
"C:/Users/throw/OneDrive/Documents/GitHub/UniProject/Content/SpaceshipInterior/Meshes/SM_Scifi_Hangar_Floor.uasset" 565
"C:/Users/throw/OneDrive/Documents/GitHub/UniProject/Content/SpaceshipInterior/Materials/MI_Scifi_Wall_03.uasset" 566
"C:/Users/throw/OneDrive/Documents/GitHub/UniProject/Content/SpaceshipInterior/Meshes/SM_Scifi_Wall_03_8m.uasset" 567
"C:/Users/throw/OneDrive/Documents/GitHub/UniProject/Content/SpaceshipInterior/Materials/MI_Scifi_Wall_05.uasset" 568
"C:/Users/throw/OneDrive/Documents/GitHub/UniProject/Content/SpaceshipInterior/Meshes/SM_Scifi_Wall_05_4m.uasset" 569
"C:/Users/throw/OneDrive/Documents/GitHub/UniProject/Content/SpaceshipInterior/Meshes/SM_Scifi_Wall_05_8m.uasset" 570
"C:/Users/throw/OneDrive/Documents/GitHub/UniProject/Content/SpaceshipInterior/Meshes/SM_Scifi_Wall_05_MainCorner_03.uasset" 571
"C:/Users/throw/OneDrive/Documents/GitHub/UniProject/Content/SpaceshipInterior/Meshes/SM_Scifi_Wall_05_MainCorner_04.uasset" 572
"C:/Users/throw/OneDrive/Documents/GitHub/UniProject/Content/SpaceshipInterior/Meshes/SM_Scifi_Wall_05_Plate8m.uasset" 573
"C:/Users/throw/OneDrive/Documents/GitHub/UniProject/Content/StarterBundle/ModularSci_Comm/Materials/MI_Solid_Black.uasset" 574
"C:/Users/throw/OneDrive/Documents/GitHub/UniProject/Content/StarterBundle/ModularSci_Comm/Textures/Base/T_Base.uasset" 575
"C:/Users/throw/OneDrive/Documents/GitHub/UniProject/Content/StarterBundle/ModularSci_Comm/Textures/T_Metal_Brushed_M.uasset" 576
"C:/Users/throw/OneDrive/Documents/GitHub/UniProject/Content/StarterBundle/ModularSci_Comm/Textures/T_Trim_C_diffuse.uasset" 577
"C:/Users/throw/OneDrive/Documents/GitHub/UniProject/Content/StarterBundle/ModularSci_Comm/Textures/T_Trim_EdgeMask.uasset" 578
"C:/Users/throw/OneDrive/Documents/GitHub/UniProject/Content/StarterBundle/ModularSci_Comm/Textures/T_Trims_C_normals.uasset" 579
"C:/Users/throw/OneDrive/Documents/GitHub/UniProject/Content/StarterBundle/ModularSci_Comm/Materials/M_Base_Trim.uasset" 580
"C:/Users/throw/OneDrive/Documents/GitHub/UniProject/Content/StarterBundle/ModularSci_Comm/Materials/MI_Trims_C_DarkGray.uasset" 581
"C:/Users/throw/OneDrive/Documents/GitHub/UniProject/Content/StarterBundle/ModularSci_Comm/Materials/MI_Trims_C_LightGray.uasset" 582
"C:/Users/throw/OneDrive/Documents/GitHub/UniProject/Content/StarterBundle/ModularSci_Comm/Meshes/SM_Stairs_A_Straight.uasset" 583
"C:/Users/throw/OneDrive/Documents/GitHub/UniProject/Content/StarterBundle/ModularSci_Comm/Textures/T_Pipes_A_Diff.uasset" 584
"C:/Users/throw/OneDrive/Documents/GitHub/UniProject/Content/StarterBundle/ModularSci_Comm/Textures/T_Pipes_A_N_normals.uasset" 585
"C:/Users/throw/OneDrive/Documents/GitHub/UniProject/Content/StarterBundle/ModularSci_Comm/Materials/M_Base_Pipes.uasset" 586
"C:/Users/throw/OneDrive/Documents/GitHub/UniProject/Content/StarterBundle/ModularSci_Comm/Materials/MI_Pipes_A_Light.uasset" 587
"C:/Users/throw/OneDrive/Documents/GitHub/UniProject/Content/StarterBundle/ModularSci_Comm/Materials/MI_Trims_C_Dark.uasset" 588
"C:/Users/throw/OneDrive/Documents/GitHub/UniProject/Content/StarterBundle/ModularSci_Comm/Meshes/SM_Wall_Pipe_C.uasset" 589
"C:/Users/throw/OneDrive/Documents/GitHub/UniProject/Content/StarterBundle/ModularSci_Int/Textures/T_DefaultLight_S.uasset" 590
"C:/Users/throw/OneDrive/Documents/GitHub/UniProject/Content/StarterBundle/ModularSci_Int/Textures/T_Hall_Door_Diff.uasset" 591
"C:/Users/throw/OneDrive/Documents/GitHub/UniProject/Content/StarterBundle/ModularSci_Int/Textures/T_Hall_Door_L_M.uasset" 592
"C:/Users/throw/OneDrive/Documents/GitHub/UniProject/Content/StarterBundle/ModularSci_Int/Textures/T_Hall_Door_L_N_normals.uasset" 593
"C:/Users/throw/OneDrive/Documents/GitHub/UniProject/Content/StarterBundle/ModularSci_Int/Textures/T_Metal_Brushed_N.uasset" 594
"C:/Users/throw/OneDrive/Documents/GitHub/UniProject/Content/StarterBundle/ModularSci_Int/Textures/T_Metal_Scratches_M.uasset" 595
"C:/Users/throw/OneDrive/Documents/GitHub/UniProject/Content/StarterBundle/ModularSci_Int/Materials/M_Base_2C.uasset" 596
"C:/Users/throw/OneDrive/Documents/GitHub/UniProject/Content/StarterBundle/ModularSci_Int/Textures/T_Trims_B_Diff.uasset" 597
"C:/Users/throw/OneDrive/Documents/GitHub/UniProject/Content/StarterBundle/ModularSci_Int/Textures/T_Trims_B_M.uasset" 598
"C:/Users/throw/OneDrive/Documents/GitHub/UniProject/Content/StarterBundle/ModularSci_Int/Textures/T_Trims_B_N_normals.uasset" 599
"C:/Users/throw/OneDrive/Documents/GitHub/UniProject/Content/StarterBundle/ModularSci_Int/Materials/MI_Trims_B.uasset" 600
"C:/Users/throw/OneDrive/Documents/GitHub/UniProject/Content/StarterBundle/ModularSci_Int/Textures/T_Trims_B_Diff_B.uasset" 601
"C:/Users/throw/OneDrive/Documents/GitHub/UniProject/Content/StarterBundle/ModularSci_Int/Textures/T_Trims_B_M_B.uasset" 602
"C:/Users/throw/OneDrive/Documents/GitHub/UniProject/Content/StarterBundle/ModularSci_Int/Materials/MI_Trims_B_2.uasset" 603
"C:/Users/throw/OneDrive/Documents/GitHub/UniProject/Content/StarterBundle/ModularSci_Int/Meshes/SM_Ceiling_B_2.uasset" 604
"C:/Users/throw/OneDrive/Documents/GitHub/UniProject/Content/StarterBundle/ModularScifiHallways/Textures/T_Ceiling_A_Buffer_Diff.uasset" 605
"C:/Users/throw/OneDrive/Documents/GitHub/UniProject/Content/StarterBundle/ModularScifiHallways/Textures/T_Ceiling_A_Buffer_M.uasset" 606
"C:/Users/throw/OneDrive/Documents/GitHub/UniProject/Content/StarterBundle/ModularScifiHallways/Textures/T_Ceiling_A_Buffer_N_normals.uasset" 607
"C:/Users/throw/OneDrive/Documents/GitHub/UniProject/Content/StarterBundle/ModularScifiHallways/Textures/T_DefaultLight_S.uasset" 608
"C:/Users/throw/OneDrive/Documents/GitHub/UniProject/Content/StarterBundle/ModularScifiHallways/Textures/T_Metal_Brushed_N.uasset" 609
"C:/Users/throw/OneDrive/Documents/GitHub/UniProject/Content/StarterBundle/ModularScifiHallways/Textures/T_Metal_Scratches_M.uasset" 610
"C:/Users/throw/OneDrive/Documents/GitHub/UniProject/Content/StarterBundle/ModularScifiHallways/Materials/M_Base_2C.uasset" 611
"C:/Users/throw/OneDrive/Documents/GitHub/UniProject/Content/StarterBundle/ModularScifiHallways/Textures/T_Hall_Door_Diff.uasset" 612
"C:/Users/throw/OneDrive/Documents/GitHub/UniProject/Content/StarterBundle/ModularScifiHallways/Textures/T_Hall_Door_L_EM.uasset" 613
"C:/Users/throw/OneDrive/Documents/GitHub/UniProject/Content/StarterBundle/ModularScifiHallways/Textures/T_Hall_Door_L_M.uasset" 614
"C:/Users/throw/OneDrive/Documents/GitHub/UniProject/Content/StarterBundle/ModularScifiHallways/Textures/T_Hall_Door_L_N_normals.uasset" 615
"C:/Users/throw/OneDrive/Documents/GitHub/UniProject/Content/StarterBundle/ModularScifiHallways/Materials/MI_Hall_Door_L_M.uasset" 616
"C:/Users/throw/OneDrive/Documents/GitHub/UniProject/Content/StarterBundle/ModularScifiHallways/Meshes/SM_Hall_Door_L.uasset" 617
"C:/Users/throw/OneDrive/Documents/GitHub/UniProject/Content/StarterBundle/ModularScifiHallways/Textures/T_Hall_Doorway_L_Diff.uasset" 618
"C:/Users/throw/OneDrive/Documents/GitHub/UniProject/Content/StarterBundle/ModularScifiHallways/Textures/T_Hall_Doorway_L_M.uasset" 619
"C:/Users/throw/OneDrive/Documents/GitHub/UniProject/Content/StarterBundle/ModularScifiHallways/Textures/T_Hall_Doorway_L_N_normals.uasset" 620
"C:/Users/throw/OneDrive/Documents/GitHub/UniProject/Content/StarterBundle/ModularScifiHallways/Materials/MI_Hall_Doorway_L_M.uasset" 621
"C:/Users/throw/OneDrive/Documents/GitHub/UniProject/Content/StarterBundle/ModularScifiHallways/Textures/T_Trims_A_Diff.uasset" 622
"C:/Users/throw/OneDrive/Documents/GitHub/UniProject/Content/StarterBundle/ModularScifiHallways/Textures/T_Trims_A_M.uasset" 623
"C:/Users/throw/OneDrive/Documents/GitHub/UniProject/Content/StarterBundle/ModularScifiHallways/Textures/T_Trims_A_N_normals.uasset" 624
"C:/Users/throw/OneDrive/Documents/GitHub/UniProject/Content/StarterBundle/ModularScifiHallways/Materials/MI_Trims_A_M.uasset" 625
"C:/Users/throw/OneDrive/Documents/GitHub/UniProject/Content/StarterBundle/ModularScifiHallways/Textures/T_Trims_A_Diff_B.uasset" 626
"C:/Users/throw/OneDrive/Documents/GitHub/UniProject/Content/StarterBundle/ModularScifiHallways/Textures/T_Trims_A_M_B.uasset" 627
"C:/Users/throw/OneDrive/Documents/GitHub/UniProject/Content/StarterBundle/ModularScifiHallways/Materials/MI_Trims_AB_M.uasset" 628
"C:/Users/throw/OneDrive/Documents/GitHub/UniProject/Content/StarterBundle/ModularScifiHallways/Meshes/SM_Hall_Doorway_L.uasset" 629
"C:/Users/throw/OneDrive/Documents/GitHub/UniProject/Content/StarterBundle/ModularScifiHallways/Textures/T_Hall_Wall_C_Diff.uasset" 630
"C:/Users/throw/OneDrive/Documents/GitHub/UniProject/Content/StarterBundle/ModularScifiHallways/Textures/T_Hall_Wall_C_M.uasset" 631
"C:/Users/throw/OneDrive/Documents/GitHub/UniProject/Content/StarterBundle/ModularScifiHallways/Textures/T_Hall_Wall_C_N_normals.uasset" 632
"C:/Users/throw/OneDrive/Documents/GitHub/UniProject/Content/StarterBundle/ModularScifiHallways/Materials/MI_Hall_Wall_C_M.uasset" 633
"C:/Users/throw/OneDrive/Documents/GitHub/UniProject/Content/StarterBundle/ModularScifiHallways/Textures/T_Trims_B_Diff.uasset" 634
"C:/Users/throw/OneDrive/Documents/GitHub/UniProject/Content/StarterBundle/ModularScifiHallways/Textures/T_Trims_B_M.uasset" 635
"C:/Users/throw/OneDrive/Documents/GitHub/UniProject/Content/StarterBundle/ModularScifiHallways/Textures/T_Trims_B_N_normals.uasset" 636
"C:/Users/throw/OneDrive/Documents/GitHub/UniProject/Content/StarterBundle/ModularScifiHallways/Materials/MI_Trims_B.uasset" 637
"C:/Users/throw/OneDrive/Documents/GitHub/UniProject/Content/StarterBundle/ModularScifiHallways/Textures/T_Trims_B_Diff_B.uasset" 638
"C:/Users/throw/OneDrive/Documents/GitHub/UniProject/Content/StarterBundle/ModularScifiHallways/Textures/T_Trims_B_M_B.uasset" 639
"C:/Users/throw/OneDrive/Documents/GitHub/UniProject/Content/StarterBundle/ModularScifiHallways/Materials/MI_Trims_B_2.uasset" 640
"C:/Users/throw/OneDrive/Documents/GitHub/UniProject/Content/StarterBundle/ModularScifiHallways/Meshes/SM_Hall_Wall_C_2.uasset" 641
"C:/Users/throw/OneDrive/Documents/GitHub/UniProject/Content/StarterBundle/ModularScifiHallways/Textures/T_Hall_Win_Flr_A_Diff.uasset" 642
"C:/Users/throw/OneDrive/Documents/GitHub/UniProject/Content/StarterBundle/ModularScifiHallways/Textures/T_Hall_Win_Flr_A_M.uasset" 643
"C:/Users/throw/OneDrive/Documents/GitHub/UniProject/Content/StarterBundle/ModularScifiHallways/Textures/T_Hall_Win_Flr_A_N_normals.uasset" 644
"C:/Users/throw/OneDrive/Documents/GitHub/UniProject/Content/StarterBundle/ModularScifiHallways/Materials/MI_Hall_Win_Flr_A_M.uasset" 645
"C:/Users/throw/OneDrive/Documents/GitHub/UniProject/Content/StarterBundle/ModularScifiHallways/Meshes/SM_Hall_Win_Ceiling.uasset" 646
"C:/Users/throw/OneDrive/Documents/GitHub/UniProject/Content/StarterBundle/ModularScifiHallways/Textures/T_Pipes_A_Diff.uasset" 647
"C:/Users/throw/OneDrive/Documents/GitHub/UniProject/Content/StarterBundle/ModularScifiHallways/Textures/T_Pipes_A_M.uasset" 648
"C:/Users/throw/OneDrive/Documents/GitHub/UniProject/Content/StarterBundle/ModularScifiHallways/Textures/T_Pipes_A_N_normals.uasset" 649
"C:/Users/throw/OneDrive/Documents/GitHub/UniProject/Content/StarterBundle/ModularScifiHallways/Materials/MI_Pipes_A_M.uasset" 650
"C:/Users/throw/OneDrive/Documents/GitHub/UniProject/Content/StarterBundle/ModularScifiHallways/Meshes/SM_Hall_Win_Floor_A.uasset" 651
"C:/Users/throw/OneDrive/Documents/GitHub/UniProject/Content/StarterBundle/ModularScifiHallways/Meshes/SM_Hall_Win_Rails_B.uasset" 652
"C:/Users/throw/OneDrive/Documents/GitHub/UniProject/Content/StarterBundle/ModularScifiHallways/Materials/M_Glass.uasset" 653
"C:/Users/throw/OneDrive/Documents/GitHub/UniProject/Content/StarterBundle/ModularScifiHallways/Textures/T_Hall_Window_A_Diff.uasset" 654
"C:/Users/throw/OneDrive/Documents/GitHub/UniProject/Content/StarterBundle/ModularScifiHallways/Textures/T_Hall_Window_A_M.uasset" 655
"C:/Users/throw/OneDrive/Documents/GitHub/UniProject/Content/StarterBundle/ModularScifiHallways/Textures/T_Hall_Window_A_N_normals.uasset" 656
"C:/Users/throw/OneDrive/Documents/GitHub/UniProject/Content/StarterBundle/ModularScifiHallways/Materials/MI_Hall_Window_A_M.uasset" 657
"C:/Users/throw/OneDrive/Documents/GitHub/UniProject/Content/StarterBundle/ModularScifiHallways/Meshes/SM_Hall_Window_A.uasset" 658
"C:/Users/throw/OneDrive/Documents/GitHub/UniProject/Content/StarterBundle/ModularScifiProps/Textures/T_CardReader_Diff.uasset" 659
"C:/Users/throw/OneDrive/Documents/GitHub/UniProject/Content/StarterBundle/ModularScifiProps/Textures/T_CardReader_M.uasset" 660
"C:/Users/throw/OneDrive/Documents/GitHub/UniProject/Content/StarterBundle/ModularScifiProps/Textures/T_CardReader_N_normals.uasset" 661
"C:/Users/throw/OneDrive/Documents/GitHub/UniProject/Content/StarterBundle/ModularScifiProps/Textures/T_LampEmissive.uasset" 662
"C:/Users/throw/OneDrive/Documents/GitHub/UniProject/Content/StarterBundle/ModularScifiProps/Textures/T_Metal_Brushed_M.uasset" 663
"C:/Users/throw/OneDrive/Documents/GitHub/UniProject/Content/StarterBundle/ModularScifiProps/Textures/T_Metal_Brushed_N.uasset" 664
"C:/Users/throw/OneDrive/Documents/GitHub/UniProject/Content/StarterBundle/ModularScifiProps/Materials/M_Base_3C.uasset" 665
"C:/Users/throw/OneDrive/Documents/GitHub/UniProject/Content/StarterBundle/ModularScifiProps/Textures/T_Desk_A_Diff_a.uasset" 666
"C:/Users/throw/OneDrive/Documents/GitHub/UniProject/Content/StarterBundle/ModularScifiProps/Textures/T_Desk_A_Diff_a_M.uasset" 667
"C:/Users/throw/OneDrive/Documents/GitHub/UniProject/Content/StarterBundle/ModularScifiProps/Textures/T_Desk_A_N_a_normals.uasset" 668
"C:/Users/throw/OneDrive/Documents/GitHub/UniProject/Content/StarterBundle/ModularScifiProps/Materials/MI_Desk_A_a.uasset" 669
"C:/Users/throw/OneDrive/Documents/GitHub/UniProject/Content/StarterBundle/ModularScifiProps/Textures/T_Desk_A_Diff_b.uasset" 670
"C:/Users/throw/OneDrive/Documents/GitHub/UniProject/Content/StarterBundle/ModularScifiProps/Textures/T_Desk_A_Diff_b_M.uasset" 671
"C:/Users/throw/OneDrive/Documents/GitHub/UniProject/Content/StarterBundle/ModularScifiProps/Textures/T_Desk_A_N_b_normals.uasset" 672
"C:/Users/throw/OneDrive/Documents/GitHub/UniProject/Content/StarterBundle/ModularScifiProps/Materials/MI_Desk_A_b.uasset" 673
"C:/Users/throw/OneDrive/Documents/GitHub/UniProject/Content/StarterBundle/ModularScifiProps/Meshes/SM_Cabinet_B.uasset" 674
"C:/Users/throw/OneDrive/Documents/GitHub/UniProject/Content/StarterBundle/ModularScifiProps/Textures/T_CeilingLight_Diff.uasset" 675
"C:/Users/throw/OneDrive/Documents/GitHub/UniProject/Content/StarterBundle/ModularScifiProps/Textures/T_CeilingLight_M.uasset" 676
"C:/Users/throw/OneDrive/Documents/GitHub/UniProject/Content/StarterBundle/ModularScifiProps/Textures/T_CeilingLight_N_normals.uasset" 677
"C:/Users/throw/OneDrive/Documents/GitHub/UniProject/Content/StarterBundle/ModularScifiProps/Materials/MI_CeilingLight.uasset" 678
"C:/Users/throw/OneDrive/Documents/GitHub/UniProject/Content/StarterBundle/ModularScifiProps/Materials/M_SolidLight_Parent.uasset" 679
"C:/Users/throw/OneDrive/Documents/GitHub/UniProject/Content/StarterBundle/ModularScifiProps/Materials/MI_Light_White.uasset" 680
"C:/Users/throw/OneDrive/Documents/GitHub/UniProject/Content/StarterBundle/ModularScifiProps/Materials/M_Reg_Glass.uasset" 681
"C:/Users/throw/OneDrive/Documents/GitHub/UniProject/Content/StarterBundle/ModularScifiProps/Materials/MI_Reg_Glass_Dark.uasset" 682
"C:/Users/throw/OneDrive/Documents/GitHub/UniProject/Content/StarterBundle/ModularScifiProps/Meshes/SM_CeilingLight.uasset" 683
"../../../Engine/Content/Functions/Engine_MaterialFunctions02/Fresnel_Function.uasset" 684
"C:/Users/throw/OneDrive/Documents/GitHub/UniProject/Content/StarterBundle/ModularScifiProps/Materials/M_Glass_Base.uasset" 685
"C:/Users/throw/OneDrive/Documents/GitHub/UniProject/Content/StarterBundle/ModularScifiProps/Materials/MI_GlassCup.uasset" 686
"C:/Users/throw/OneDrive/Documents/GitHub/UniProject/Content/StarterBundle/ModularScifiProps/Meshes/SM_GlassCup.uasset" 687
"C:/Users/throw/OneDrive/Documents/GitHub/UniProject/Content/StarterBundle/ModularScifiProps/Textures/T_GlassDivider_Diff.uasset" 688
"C:/Users/throw/OneDrive/Documents/GitHub/UniProject/Content/StarterBundle/ModularScifiProps/Textures/T_GlassDivider_M.uasset" 689
"C:/Users/throw/OneDrive/Documents/GitHub/UniProject/Content/StarterBundle/ModularScifiProps/Textures/T_GlassDivider_N_normals.uasset" 690
"C:/Users/throw/OneDrive/Documents/GitHub/UniProject/Content/StarterBundle/ModularScifiProps/Materials/MI_GlassDivider.uasset" 691
"C:/Users/throw/OneDrive/Documents/GitHub/UniProject/Content/StarterBundle/ModularScifiProps/Textures/T_GlassDisplay.uasset" 692
"C:/Users/throw/OneDrive/Documents/GitHub/UniProject/Content/StarterBundle/ModularScifiProps/Materials/M_Glass_Base2.uasset" 693
"C:/Users/throw/OneDrive/Documents/GitHub/UniProject/Content/StarterBundle/ModularScifiProps/Materials/MI_GlassDivider_B2.uasset" 694
"C:/Users/throw/OneDrive/Documents/GitHub/UniProject/Content/StarterBundle/ModularScifiProps/Meshes/SM_GlassDivider.uasset" 695
"C:/Users/throw/OneDrive/Documents/GitHub/UniProject/Content/StarterBundle/ModularScifiProps/Textures/T_Base_Diff.uasset" 696
"C:/Users/throw/OneDrive/Documents/GitHub/UniProject/Content/StarterBundle/ModularScifiProps/Textures/T_Base_M.uasset" 697
"C:/Users/throw/OneDrive/Documents/GitHub/UniProject/Content/StarterBundle/ModularScifiProps/Textures/T_Base_N_normals.uasset" 698
"C:/Users/throw/OneDrive/Documents/GitHub/UniProject/Content/StarterBundle/ModularScifiProps/Textures/T_Metal_Scratches_M.uasset" 699
"C:/Users/throw/OneDrive/Documents/GitHub/UniProject/Content/StarterBundle/ModularScifiProps/Materials/MI_Base_Gray.uasset" 700
"C:/Users/throw/OneDrive/Documents/GitHub/UniProject/Content/StarterBundle/ModularScifiProps/Textures/T_Screw_Diff.uasset" 701
"C:/Users/throw/OneDrive/Documents/GitHub/UniProject/Content/StarterBundle/ModularScifiProps/Textures/T_Screw_N_normals.uasset" 702
"C:/Users/throw/OneDrive/Documents/GitHub/UniProject/Content/StarterBundle/ModularScifiProps/Materials/MI_Screw.uasset" 703
"C:/Users/throw/OneDrive/Documents/GitHub/UniProject/Content/StarterBundle/ModularScifiProps/Textures/T_Trims_C_Diff.uasset" 704
"C:/Users/throw/OneDrive/Documents/GitHub/UniProject/Content/StarterBundle/ModularScifiProps/Textures/T_Trims_C_N_normals.uasset" 705
"C:/Users/throw/OneDrive/Documents/GitHub/UniProject/Content/StarterBundle/ModularScifiProps/Materials/MI_Trims_C_Dark.uasset" 706
"C:/Users/throw/OneDrive/Documents/GitHub/UniProject/Content/StarterBundle/ModularScifiProps/Meshes/SM_GlassDoorway.uasset" 707
"C:/Users/throw/OneDrive/Documents/GitHub/UniProject/Content/StarterBundle/ModularScifiProps/Materials/MI_LampLight.uasset" 708
"C:/Users/throw/OneDrive/Documents/GitHub/UniProject/Content/StarterBundle/ModularScifiProps/Textures/T_TableLamp_Diff.uasset" 709
"C:/Users/throw/OneDrive/Documents/GitHub/UniProject/Content/StarterBundle/ModularScifiProps/Textures/T_TableLamp_M.uasset" 710
"C:/Users/throw/OneDrive/Documents/GitHub/UniProject/Content/StarterBundle/ModularScifiProps/Textures/T_TableLamp_N_normals.uasset" 711
"C:/Users/throw/OneDrive/Documents/GitHub/UniProject/Content/StarterBundle/ModularScifiProps/Materials/MI_TableLamp.uasset" 712
"C:/Users/throw/OneDrive/Documents/GitHub/UniProject/Content/StarterBundle/ModularScifiProps/Meshes/SM_TableLamp.uasset" 713
"C:/Users/throw/OneDrive/Documents/GitHub/UniProject/Content/StarterBundle/ModularScifiProps/Textures/T_WallCabinet_Diff.uasset" 714
"C:/Users/throw/OneDrive/Documents/GitHub/UniProject/Content/StarterBundle/ModularScifiProps/Textures/T_WallCabinet_M.uasset" 715
"C:/Users/throw/OneDrive/Documents/GitHub/UniProject/Content/StarterBundle/ModularScifiProps/Textures/T_WallCabinet_N_normals.uasset" 716
"C:/Users/throw/OneDrive/Documents/GitHub/UniProject/Content/StarterBundle/ModularScifiProps/Materials/MI_WallCabinet.uasset" 717
"C:/Users/throw/OneDrive/Documents/GitHub/UniProject/Content/StarterBundle/ModularScifiProps/Meshes/SM_WallCab_1D.uasset" 718
"C:/Users/throw/OneDrive/Documents/GitHub/UniProject/Content/StarterBundle/ModularScifiProps/Textures/T_WasteBin_Diff.uasset" 719
"C:/Users/throw/OneDrive/Documents/GitHub/UniProject/Content/StarterBundle/ModularScifiProps/Textures/T_WasteBin_M.uasset" 720
"C:/Users/throw/OneDrive/Documents/GitHub/UniProject/Content/StarterBundle/ModularScifiProps/Textures/T_WasteBin_N_normals.uasset" 721
"C:/Users/throw/OneDrive/Documents/GitHub/UniProject/Content/StarterBundle/ModularScifiProps/Materials/MI_WasteBin.uasset" 722
"C:/Users/throw/OneDrive/Documents/GitHub/UniProject/Content/StarterBundle/ModularScifiProps/Meshes/SM_WasteBin.uasset" 723
"C:/Users/throw/OneDrive/Documents/GitHub/UniProject/Content/ThirdPersonBP/Maps/DesignTestMap.umap" 724
"C:/Users/throw/OneDrive/Documents/GitHub/UniProject/Content/Parasite/Mesh/parasite_l_starkie_Skeleton.uasset" 725
"C:/Users/throw/OneDrive/Documents/GitHub/UniProject/Content/Parasite/Animations/Idle.uasset" 726
"C:/Users/throw/OneDrive/Documents/GitHub/UniProject/Content/Parasite/Animations/Mutant_Walking.uasset" 727
"C:/Users/throw/OneDrive/Documents/GitHub/UniProject/Content/Parasite/Animations/Running_Crawl.uasset" 728
"C:/Users/throw/OneDrive/Documents/GitHub/UniProject/Content/Parasite/Animations/IdleWalkBlendSpaceParasitew.uasset" 729
"C:/Users/throw/OneDrive/Documents/GitHub/UniProject/Content/Parasite/Animations/WalkSprintBlendSpaceParasite.uasset" 730
"C:/Users/throw/OneDrive/Documents/GitHub/UniProject/Content/Parasite/Animations/ABP_parasite.uasset" 731
"C:/Users/throw/OneDrive/Documents/GitHub/UniProject/Content/FPSpawn/Meshes/AWP_Rigged_Skeleton.uasset" 732
"C:/Users/throw/OneDrive/Documents/GitHub/UniProject/Content/FPSpawn/Animations/AWP_Fire_anim.uasset" 733
"C:/Users/throw/OneDrive/Documents/GitHub/UniProject/Content/FPSpawn/Animations/AWP_Reload_anim.uasset" 734
"C:/Users/throw/OneDrive/Documents/GitHub/UniProject/Content/FPSpawn/Animations/Glock_Reload_anim.uasset" 735
"C:/Users/throw/OneDrive/Documents/GitHub/UniProject/Content/Parasite/Animations/Low_Crawl.uasset" 736
"C:/Users/throw/OneDrive/Documents/GitHub/UniProject/Content/StarterContent/Textures/T_MacroVariation.uasset" 737
"C:/Users/throw/OneDrive/Documents/GitHub/UniProject/Content/StarterContent/Textures/T_Metal_Aluminum_D.uasset" 738
"C:/Users/throw/OneDrive/Documents/GitHub/UniProject/Content/StarterContent/Textures/T_Metal_Gold_N.uasset" 739
"C:/Users/throw/OneDrive/Documents/GitHub/UniProject/Content/StarterContent/Materials/M_Metal_Burnished_Steel.uasset" 740
"C:/Users/throw/OneDrive/Documents/GitHub/UniProject/Content/Geometry/Meshes/CubeMaterial.uasset" 741
"C:/Users/throw/OneDrive/Documents/GitHub/UniProject/Content/Geometry/Meshes/1M_Cube.uasset" 742
"C:/Users/throw/OneDrive/Documents/GitHub/UniProject/Content/BP_Door.uasset" 743
"C:/Users/throw/OneDrive/Documents/GitHub/UniProject/Content/ThirdPersonBP/Maps/ThirdPersonExampleMap_BuiltData.uasset" 744
"C:/Users/throw/OneDrive/Documents/GitHub/UniProject/Content/StarterContent/Materials/M_Basic_Floor.uasset" 745
"C:/Users/throw/OneDrive/Documents/GitHub/UniProject/Content/StarterContent/Materials/M_Glass.uasset" 746
"C:/Users/throw/OneDrive/Documents/GitHub/UniProject/Content/StarterContent/Textures/T_Metal_Copper_D.uasset" 747
"C:/Users/throw/OneDrive/Documents/GitHub/UniProject/Content/StarterContent/Materials/M_Metal_Copper.uasset" 748
"C:/Users/throw/OneDrive/Documents/GitHub/UniProject/Content/StarterContent/Textures/T_Metal_Gold_D.uasset" 749
"C:/Users/throw/OneDrive/Documents/GitHub/UniProject/Content/StarterContent/Materials/M_Metal_Gold.uasset" 750
"../../../Engine/Content/BasicShapes/Cube.uasset" 751
"../../../Engine/Content/BasicShapes/Plane.uasset" 752
"C:/Users/throw/OneDrive/Documents/GitHub/UniProject/Content/FPSpawn/Textures/AWP_D.uasset" 753
"C:/Users/throw/OneDrive/Documents/GitHub/UniProject/Content/FPSpawn/Textures/AWP_D_Mat.uasset" 754
"C:/Users/throw/OneDrive/Documents/GitHub/UniProject/Content/FPSpawn/Meshes/AWP_Rigged_PhysicsAsset.uasset" 755
"C:/Users/throw/OneDrive/Documents/GitHub/UniProject/Content/FPSpawn/Meshes/AWP_Rigged.uasset" 756
"C:/Users/throw/OneDrive/Documents/GitHub/UniProject/Content/Geometry/Meshes/1M_Cube_Chamfer.uasset" 757
"C:/Users/throw/OneDrive/Documents/GitHub/UniProject/Content/Parasite/Mesh/parasiteZombie_diffuse.uasset" 758
"C:/Users/throw/OneDrive/Documents/GitHub/UniProject/Content/Parasite/Mesh/parasiteZombie_normal.uasset" 759
"C:/Users/throw/OneDrive/Documents/GitHub/UniProject/Content/Parasite/Mesh/parasiteZombie_specular.uasset" 760
"C:/Users/throw/OneDrive/Documents/GitHub/UniProject/Content/Parasite/Mesh/parasiteZombie_Mat.uasset" 761
"C:/Users/throw/OneDrive/Documents/GitHub/UniProject/Content/Parasite/Mesh/parasite_l_starkie_PhysicsAsset.uasset" 762
"C:/Users/throw/OneDrive/Documents/GitHub/UniProject/Content/Parasite/Mesh/parasite_l_starkie.uasset" 763
"C:/Users/throw/OneDrive/Documents/GitHub/UniProject/Content/ThirdPerson/Meshes/RampMaterial.uasset" 764
"C:/Users/throw/OneDrive/Documents/GitHub/UniProject/Content/ThirdPerson/Meshes/Bump_StaticMesh.uasset" 765
"C:/Users/throw/OneDrive/Documents/GitHub/UniProject/Content/ThirdPerson/Meshes/LeftArm_StaticMesh.uasset" 766
"C:/Users/throw/OneDrive/Documents/GitHub/UniProject/Content/ThirdPerson/Meshes/Linear_Stair_StaticMesh.uasset" 767
"C:/Users/throw/OneDrive/Documents/GitHub/UniProject/Content/ThirdPerson/Meshes/Ramp_StaticMesh.uasset" 768
"C:/Users/throw/OneDrive/Documents/GitHub/UniProject/Content/ThirdPerson/Meshes/RightArm_StaticMesh.uasset" 769
"C:/Users/throw/OneDrive/Documents/GitHub/UniProject/Content/ThirdPersonBP/Maps/ThirdPersonExampleMap.umap" 770
